<?xml version="1.0" encoding="UTF-8"?>
<Site BuildName="Darwin-cc"
	BuildStamp="20251020-2031-Experimental"
	Name="Alexas-MacBook-Pro-2.local"
	Generator="ctest-4.1.0"
	CompilerName=""
	CompilerVersion=""
	OSName="macOS"
	Hostname="Alexas-MacBook-Pro-2.local"
	OSRelease="14.5"
	OSVersion="23F79"
	OSPlatform="arm64"
	Is64Bits="1"
	VendorString="Apple"
	VendorID="Apple"
	FamilyID="0"
	ModelID="0"
	ModelName="Apple M1"
	ProcessorCacheSize="131072"
	NumberOfLogicalCPU="8"
	NumberOfPhysicalCPU="8"
	TotalVirtualMemory="6144"
	TotalPhysicalMemory="8192"
	LogicalProcessorsPerPhysical="8"
	ProcessorClockFrequency="0"
	>
	<Testing>
		<StartDateTime>Oct 20 15:32 CDT</StartDateTime>
		<StartTestTime>1760992366</StartTestTime>
		<TestList/>
		<EndDateTime>Oct 20 15:32 CDT</EndDateTime>
		<EndTestTime>1760992366</EndTestTime>
		<ElapsedMinutes>0</ElapsedMinutes>
	</Testing>
</Site>
